<?xml version="1.0" encoding="UTF-8"?>
<testng-results ignored="0" total="1" passed="1" failed="0" skipped="0">
  <reporter-output>
  </reporter-output>
  <suite started-at="2025-06-19T15:25:59 IST" name="Suite" finished-at="2025-06-19T15:26:19 IST" duration-ms="19975">
    <groups>
    </groups>
    <test started-at="2025-06-19T15:25:59 IST" name="Test" finished-at="2025-06-19T15:26:19 IST" duration-ms="19975">
      <class name="com.testscripts.demoblazeweb.AddToCart">
        <test-method is-config="true" signature="configBT()[pri:0, instance:com.testscripts.demoblazeweb.AddToCart@6b6776cb]" started-at="2025-06-19T15:25:59 IST" name="configBT" finished-at="2025-06-19T15:26:06 IST" duration-ms="7570" status="PASS">
          <reporter-output>
          </reporter-output>
        </test-method> <!-- configBT -->
        <test-method is-config="true" signature="configBM()[pri:0, instance:com.testscripts.demoblazeweb.AddToCart@6b6776cb]" started-at="2025-06-19T15:26:07 IST" name="configBM" finished-at="2025-06-19T15:26:12 IST" duration-ms="4966" status="PASS">
          <reporter-output>
          </reporter-output>
        </test-method> <!-- configBM -->
        <test-method signature="addToCartPageTest()[pri:0, instance:com.testscripts.demoblazeweb.AddToCart@6b6776cb]" started-at="2025-06-19T15:26:12 IST" name="addToCartPageTest" finished-at="2025-06-19T15:26:16 IST" duration-ms="4858" status="PASS">
          <reporter-output>
          </reporter-output>
        </test-method> <!-- addToCartPageTest -->
        <test-method is-config="true" signature="configAM()[pri:0, instance:com.testscripts.demoblazeweb.AddToCart@6b6776cb]" started-at="2025-06-19T15:26:16 IST" name="configAM" finished-at="2025-06-19T15:26:18 IST" duration-ms="1667" status="PASS">
          <reporter-output>
          </reporter-output>
        </test-method> <!-- configAM -->
        <test-method is-config="true" signature="configAT()[pri:0, instance:com.testscripts.demoblazeweb.AddToCart@6b6776cb]" started-at="2025-06-19T15:26:18 IST" name="configAT" finished-at="2025-06-19T15:26:19 IST" duration-ms="799" status="PASS">
          <reporter-output>
          </reporter-output>
        </test-method> <!-- configAT -->
      </class> <!-- com.testscripts.demoblazeweb.AddToCart -->
    </test> <!-- Test -->
  </suite> <!-- Suite -->
</testng-results>
